[0m[[0minfo[0m] [0m[32mAnagramsSuite:[0m[0m
[0m[[0minfo[0m] [0m[31m- 1 *** FAILED ***[0m[0m
[0m[[0minfo[0m] [0m[31m  List(List()) did not equal List() (AnagramsSuite.scala:14)[0m[0m
[0m[[0minfo[0m] [0m[32m- wordOccurrences: abcd[0m[0m
[0m[[0minfo[0m] [0m[32m- wordOccurrences: Robert[0m[0m
[0m[[0minfo[0m] [0m[32m- sentenceOccurrences: abcd e[0m[0m
[0m[[0minfo[0m] [0m[32m- dictionaryByOccurrences.get: eat[0m[0m
[0m[[0minfo[0m] [0m[32m- word anagrams: married[0m[0m
[0m[[0minfo[0m] [0m[32m- word anagrams: player[0m[0m
[0m[[0minfo[0m] [0m[31m- subtract: lard - r *** FAILED ***[0m[0m
[0m[[0minfo[0m] [0m[31m  scala.NotImplementedError: an implementation is missing[0m[0m
[0m[[0minfo[0m] [0m[31m  at scala.Predef$.$qmark$qmark$qmark(Predef.scala:225)[0m[0m
[0m[[0minfo[0m] [0m[31m  at forcomp.Anagrams$.subtract(Anagrams.scala:116)[0m[0m
[0m[[0minfo[0m] [0m[31m  at forcomp.AnagramsSuite$$anonfun$8.apply$mcV$sp(AnagramsSuite.scala:51)[0m[0m
[0m[[0minfo[0m] [0m[31m  at forcomp.AnagramsSuite$$anonfun$8.apply(AnagramsSuite.scala:47)[0m[0m
[0m[[0minfo[0m] [0m[31m  at forcomp.AnagramsSuite$$anonfun$8.apply(AnagramsSuite.scala:47)[0m[0m
[0m[[0minfo[0m] [0m[31m  at org.scalatest.Transformer$$anonfun$apply$1.apply$mcV$sp(Transformer.scala:22)[0m[0m
[0m[[0minfo[0m] [0m[31m  at org.scalatest.OutcomeOf$class.outcomeOf(OutcomeOf.scala:85)[0m[0m
[0m[[0minfo[0m] [0m[31m  at org.scalatest.OutcomeOf$.outcomeOf(OutcomeOf.scala:104)[0m[0m
[0m[[0minfo[0m] [0m[31m  at org.scalatest.Transformer.apply(Transformer.scala:22)[0m[0m
[0m[[0minfo[0m] [0m[31m  at org.scalatest.Transformer.apply(Transformer.scala:20)[0m[0m
[0m[[0minfo[0m] [0m[31m  ...[0m[0m
[0m[[0minfo[0m] [0m[31m- combinations: [] *** FAILED ***[0m[0m
[0m[[0minfo[0m] [0m[31m  scala.NotImplementedError: an implementation is missing[0m[0m
[0m[[0minfo[0m] [0m[31m  at scala.Predef$.$qmark$qmark$qmark(Predef.scala:225)[0m[0m
[0m[[0minfo[0m] [0m[31m  at forcomp.Anagrams$.combinations(Anagrams.scala:91)[0m[0m
[0m[[0minfo[0m] [0m[31m  at forcomp.AnagramsSuite$$anonfun$9.apply$mcV$sp(AnagramsSuite.scala:56)[0m[0m
[0m[[0minfo[0m] [0m[31m  at forcomp.AnagramsSuite$$anonfun$9.apply(AnagramsSuite.scala:56)[0m[0m
[0m[[0minfo[0m] [0m[31m  at forcomp.AnagramsSuite$$anonfun$9.apply(AnagramsSuite.scala:56)[0m[0m
[0m[[0minfo[0m] [0m[31m  at org.scalatest.Transformer$$anonfun$apply$1.apply$mcV$sp(Transformer.scala:22)[0m[0m
[0m[[0minfo[0m] [0m[31m  at org.scalatest.OutcomeOf$class.outcomeOf(OutcomeOf.scala:85)[0m[0m
[0m[[0minfo[0m] [0m[31m  at org.scalatest.OutcomeOf$.outcomeOf(OutcomeOf.scala:104)[0m[0m
[0m[[0minfo[0m] [0m[31m  at org.scalatest.Transformer.apply(Transformer.scala:22)[0m[0m
[0m[[0minfo[0m] [0m[31m  at org.scalatest.Transformer.apply(Transformer.scala:20)[0m[0m
[0m[[0minfo[0m] [0m[31m  ...[0m[0m
[0m[[0minfo[0m] [0m[31m- combinations: abba *** FAILED ***[0m[0m
[0m[[0minfo[0m] [0m[31m  scala.NotImplementedError: an implementation is missing[0m[0m
[0m[[0minfo[0m] [0m[31m  at scala.Predef$.$qmark$qmark$qmark(Predef.scala:225)[0m[0m
[0m[[0minfo[0m] [0m[31m  at forcomp.Anagrams$.combinations(Anagrams.scala:91)[0m[0m
[0m[[0minfo[0m] [0m[31m  at forcomp.AnagramsSuite$$anonfun$10.apply$mcV$sp(AnagramsSuite.scala:72)[0m[0m
[0m[[0minfo[0m] [0m[31m  at forcomp.AnagramsSuite$$anonfun$10.apply(AnagramsSuite.scala:59)[0m[0m
[0m[[0minfo[0m] [0m[31m  at forcomp.AnagramsSuite$$anonfun$10.apply(AnagramsSuite.scala:59)[0m[0m
[0m[[0minfo[0m] [0m[31m  at org.scalatest.Transformer$$anonfun$apply$1.apply$mcV$sp(Transformer.scala:22)[0m[0m
[0m[[0minfo[0m] [0m[31m  at org.scalatest.OutcomeOf$class.outcomeOf(OutcomeOf.scala:85)[0m[0m
[0m[[0minfo[0m] [0m[31m  at org.scalatest.OutcomeOf$.outcomeOf(OutcomeOf.scala:104)[0m[0m
[0m[[0minfo[0m] [0m[31m  at org.scalatest.Transformer.apply(Transformer.scala:22)[0m[0m
[0m[[0minfo[0m] [0m[31m  at org.scalatest.Transformer.apply(Transformer.scala:20)[0m[0m
[0m[[0minfo[0m] [0m[31m  ...[0m[0m
[0m[[0minfo[0m] [0m[31m- sentence anagrams: [] *** FAILED ***[0m[0m
[0m[[0minfo[0m] [0m[31m  scala.NotImplementedError: an implementation is missing[0m[0m
[0m[[0minfo[0m] [0m[31m  at scala.Predef$.$qmark$qmark$qmark(Predef.scala:225)[0m[0m
[0m[[0minfo[0m] [0m[31m  at forcomp.Anagrams$.sentenceAnagrams(Anagrams.scala:158)[0m[0m
[0m[[0minfo[0m] [0m[31m  at forcomp.AnagramsSuite$$anonfun$11.apply$mcV$sp(AnagramsSuite.scala:78)[0m[0m
[0m[[0minfo[0m] [0m[31m  at forcomp.AnagramsSuite$$anonfun$11.apply(AnagramsSuite.scala:76)[0m[0m
[0m[[0minfo[0m] [0m[31m  at forcomp.AnagramsSuite$$anonfun$11.apply(AnagramsSuite.scala:76)[0m[0m
[0m[[0minfo[0m] [0m[31m  at org.scalatest.Transformer$$anonfun$apply$1.apply$mcV$sp(Transformer.scala:22)[0m[0m
[0m[[0minfo[0m] [0m[31m  at org.scalatest.OutcomeOf$class.outcomeOf(OutcomeOf.scala:85)[0m[0m
[0m[[0minfo[0m] [0m[31m  at org.scalatest.OutcomeOf$.outcomeOf(OutcomeOf.scala:104)[0m[0m
[0m[[0minfo[0m] [0m[31m  at org.scalatest.Transformer.apply(Transformer.scala:22)[0m[0m
[0m[[0minfo[0m] [0m[31m  at org.scalatest.Transformer.apply(Transformer.scala:20)[0m[0m
[0m[[0minfo[0m] [0m[31m  ...[0m[0m
[0m[[0minfo[0m] [0m[31m- sentence anagrams: Linux rulez *** FAILED ***[0m[0m
[0m[[0minfo[0m] [0m[31m  scala.NotImplementedError: an implementation is missing[0m[0m
[0m[[0minfo[0m] [0m[31m  at scala.Predef$.$qmark$qmark$qmark(Predef.scala:225)[0m[0m
[0m[[0minfo[0m] [0m[31m  at forcomp.Anagrams$.sentenceAnagrams(Anagrams.scala:158)[0m[0m
[0m[[0minfo[0m] [0m[31m  at forcomp.AnagramsSuite$$anonfun$12.apply$mcV$sp(AnagramsSuite.scala:105)[0m[0m
[0m[[0minfo[0m] [0m[31m  at forcomp.AnagramsSuite$$anonfun$12.apply(AnagramsSuite.scala:81)[0m[0m
[0m[[0minfo[0m] [0m[31m  at forcomp.AnagramsSuite$$anonfun$12.apply(AnagramsSuite.scala:81)[0m[0m
[0m[[0minfo[0m] [0m[31m  at org.scalatest.Transformer$$anonfun$apply$1.apply$mcV$sp(Transformer.scala:22)[0m[0m
[0m[[0minfo[0m] [0m[31m  at org.scalatest.OutcomeOf$class.outcomeOf(OutcomeOf.scala:85)[0m[0m
[0m[[0minfo[0m] [0m[31m  at org.scalatest.OutcomeOf$.outcomeOf(OutcomeOf.scala:104)[0m[0m
[0m[[0minfo[0m] [0m[31m  at org.scalatest.Transformer.apply(Transformer.scala:22)[0m[0m
[0m[[0minfo[0m] [0m[31m  at org.scalatest.Transformer.apply(Transformer.scala:20)[0m[0m
[0m[[0minfo[0m] [0m[31m  ...[0m[0m
